[5.521s] Invoking command in '/home/darka/Uni/linux/ros2_ws/src/mi_paquete': PYTHONPATH=/home/darka/Uni/linux/ros2_ws/build/mi_paquete/prefix_override:/usr/lib/python3/dist-packages/colcon_core/task/python/colcon_distutils_commands:/home/darka/Uni/linux/ros2_ws/install/mi_paquete/lib/python3.10/site-packages:${PYTHONPATH} /usr/bin/python3 -W ignore:setup.py install is deprecated -W ignore:easy_install command is deprecated setup.py egg_info --egg-base ../../build/mi_paquete build --build-base /home/darka/Uni/linux/ros2_ws/build/mi_paquete/build install --record /home/darka/Uni/linux/ros2_ws/build/mi_paquete/install.log --single-version-externally-managed install_data
[7.473s] running egg_info
[7.478s] writing ../../build/mi_paquete/mi_paquete.egg-info/PKG-INFO
[7.484s] writing dependency_links to ../../build/mi_paquete/mi_paquete.egg-info/dependency_links.txt
[7.484s] writing entry points to ../../build/mi_paquete/mi_paquete.egg-info/entry_points.txt
[7.489s] writing requirements to ../../build/mi_paquete/mi_paquete.egg-info/requires.txt
[7.490s] writing top-level names to ../../build/mi_paquete/mi_paquete.egg-info/top_level.txt
[7.495s] reading manifest file '../../build/mi_paquete/mi_paquete.egg-info/SOURCES.txt'
[7.520s] writing manifest file '../../build/mi_paquete/mi_paquete.egg-info/SOURCES.txt'
[7.524s] running build
[7.525s] running build_py
[7.531s] running install
[7.532s] running install_lib
[7.534s] running install_data
[7.538s] running install_egg_info
[7.551s] removing '/home/darka/Uni/linux/ros2_ws/install/mi_paquete/lib/python3.10/site-packages/mi_paquete-0.0.0-py3.10.egg-info' (and everything under it)
[7.559s] Copying ../../build/mi_paquete/mi_paquete.egg-info to /home/darka/Uni/linux/ros2_ws/install/mi_paquete/lib/python3.10/site-packages/mi_paquete-0.0.0-py3.10.egg-info
[7.581s] running install_scripts
[7.746s] Installing nodo script to /home/darka/Uni/linux/ros2_ws/install/mi_paquete/lib/mi_paquete
[7.756s] writing list of installed files to '/home/darka/Uni/linux/ros2_ws/build/mi_paquete/install.log'
[7.992s] Invoked command in '/home/darka/Uni/linux/ros2_ws/src/mi_paquete' returned '0': PYTHONPATH=/home/darka/Uni/linux/ros2_ws/build/mi_paquete/prefix_override:/usr/lib/python3/dist-packages/colcon_core/task/python/colcon_distutils_commands:/home/darka/Uni/linux/ros2_ws/install/mi_paquete/lib/python3.10/site-packages:${PYTHONPATH} /usr/bin/python3 -W ignore:setup.py install is deprecated -W ignore:easy_install command is deprecated setup.py egg_info --egg-base ../../build/mi_paquete build --build-base /home/darka/Uni/linux/ros2_ws/build/mi_paquete/build install --record /home/darka/Uni/linux/ros2_ws/build/mi_paquete/install.log --single-version-externally-managed install_data
