[0.074s] Invoking command in '/home/darka/Uni/linux/ros2_ws/build/turtlesim': CMAKE_PREFIX_PATH=/home/darka/Uni/linux/ros2_ws/install/mi_paquete:/opt/ros/humble VIRTUAL_ENV_PROMPT=(venv) /usr/bin/cmake /home/darka/Uni/linux/ros2_ws/src/ros_tutorials/turtlesim -DCMAKE_INSTALL_PREFIX=/home/darka/Uni/linux/ros2_ws/install/turtlesim
[0.646s] -- The C compiler identification is GNU 11.4.0
[1.121s] -- The CXX compiler identification is GNU 11.4.0
[1.179s] -- Detecting C compiler ABI info
[1.693s] -- Detecting C compiler ABI info - done
[1.784s] -- Check for working C compiler: /usr/bin/cc - skipped
[1.789s] -- Detecting C compile features
[1.797s] -- Detecting C compile features - done
[1.832s] -- Detecting CXX compiler ABI info
[2.434s] -- Detecting CXX compiler ABI info - done
[2.507s] -- Check for working CXX compiler: /usr/bin/c++ - skipped
[2.513s] -- Detecting CXX compile features
[2.518s] -- Detecting CXX compile features - done
[2.530s] -- Found ament_cmake: 1.3.11 (/opt/ros/humble/share/ament_cmake/cmake)
[3.596s] -- Found Python3: /home/darka/Uni/venv/bin/python3 (found version "3.10.12") found components: Interpreter 
[4.364s] -- Found ament_index_cpp: 1.4.0 (/opt/ros/humble/share/ament_index_cpp/cmake)
[4.378s] -- Found geometry_msgs: 4.9.0 (/opt/ros/humble/share/geometry_msgs/cmake)
[4.764s] -- Found rosidl_generator_c: 3.1.6 (/opt/ros/humble/share/rosidl_generator_c/cmake)
[4.799s] -- Found rosidl_adapter: 3.1.6 (/opt/ros/humble/share/rosidl_adapter/cmake)
[4.866s] -- Found rosidl_generator_cpp: 3.1.6 (/opt/ros/humble/share/rosidl_generator_cpp/cmake)
[5.004s] -- Using all available rosidl_typesupport_c: rosidl_typesupport_fastrtps_c;rosidl_typesupport_introspection_c
[5.151s] -- Using all available rosidl_typesupport_cpp: rosidl_typesupport_fastrtps_cpp;rosidl_typesupport_introspection_cpp
[5.642s] -- Found rclcpp: 16.0.12 (/opt/ros/humble/share/rclcpp/cmake)
[5.954s] -- Found rmw_implementation_cmake: 6.1.2 (/opt/ros/humble/share/rmw_implementation_cmake/cmake)
[5.976s] -- Found rmw_fastrtps_cpp: 6.2.7 (/opt/ros/humble/share/rmw_fastrtps_cpp/cmake)
[6.658s] -- Found OpenSSL: /usr/lib/x86_64-linux-gnu/libcrypto.so (found version "3.0.2")  
[6.865s] -- Found FastRTPS: /opt/ros/humble/include  
[7.139s] -- Using RMW implementation 'rmw_fastrtps_cpp' as default
[7.193s] -- Looking for pthread.h
[7.726s] -- Looking for pthread.h - found
[7.729s] -- Performing Test CMAKE_HAVE_LIBC_PTHREAD
[8.368s] -- Performing Test CMAKE_HAVE_LIBC_PTHREAD - Success
[8.382s] -- Found Threads: TRUE  
[8.780s] -- Found rclcpp_action: 16.0.12 (/opt/ros/humble/share/rclcpp_action/cmake)
[9.086s] -- Found rosidl_default_generators: 1.2.0 (/opt/ros/humble/share/rosidl_default_generators/cmake)
[9.167s] -- Found std_srvs: 4.9.0 (/opt/ros/humble/share/std_srvs/cmake)
[10.096s] [31mCMake Error at /opt/ros/humble/share/rosidl_adapter/cmake/rosidl_adapt_interfaces.cmake:59 (message):
[10.098s]   execute_process(/home/darka/Uni/venv/bin/python3 -m rosidl_adapter
[10.099s]   --package-name turtlesim --arguments-file
[10.100s]   /home/darka/Uni/linux/ros2_ws/build/turtlesim/rosidl_adapter__arguments__turtlesim.json
[10.105s]   --output-dir
[10.106s]   /home/darka/Uni/linux/ros2_ws/build/turtlesim/rosidl_adapter/turtlesim
[10.109s]   --output-file
[10.110s]   /home/darka/Uni/linux/ros2_ws/build/turtlesim/rosidl_adapter/turtlesim.idls)
[10.113s]   returned error code 1:
[10.114s] 
[10.115s]   Traceback (most recent call last):
[10.118s] 
[10.119s]     File "/usr/lib/python3.10/runpy.py", line 196, in _run_module_as_main
[10.123s]       return _run_code(code, main_globals, None,
[10.124s]     File "/usr/lib/python3.10/runpy.py", line 86, in _run_code
[10.126s]       exec(code, run_globals)
[10.127s]     File "/opt/ros/humble/local/lib/python3.10/dist-packages/rosidl_adapter/__main__.py", line 19, in <module>
[10.128s]       sys.exit(main())
[10.131s]     File "/opt/ros/humble/local/lib/python3.10/dist-packages/rosidl_adapter/main.py", line 53, in main
[10.131s]       abs_idl_file = convert_to_idl(
[10.134s]     File "/opt/ros/humble/local/lib/python3.10/dist-packages/rosidl_adapter/__init__.py", line 28, in convert_to_idl
[10.135s]       from rosidl_adapter.action import convert_action_to_idl
[10.136s]     File "/opt/ros/humble/local/lib/python3.10/dist-packages/rosidl_adapter/action/__init__.py", line 16, in <module>
[10.141s]       from rosidl_adapter.resource import expand_template
[10.141s]     File "/opt/ros/humble/local/lib/python3.10/dist-packages/rosidl_adapter/resource/__init__.py", line 19, in <module>
[10.145s]       import em
[10.146s] 
[10.146s]   ModuleNotFoundError: No module named 'em'
[10.147s] 
[10.151s] Call Stack (most recent call first):
[10.158s]   /opt/ros/humble/share/rosidl_cmake/cmake/rosidl_generate_interfaces.cmake:130 (rosidl_adapt_interfaces)
[10.159s]   CMakeLists.txt:24 (rosidl_generate_interfaces)
[10.160s] 
[10.163s] [0m
[10.164s] -- Configuring incomplete, errors occurred!
[10.168s] See also "/home/darka/Uni/linux/ros2_ws/build/turtlesim/CMakeFiles/CMakeOutput.log".
[10.225s] Invoked command in '/home/darka/Uni/linux/ros2_ws/build/turtlesim' returned '1': CMAKE_PREFIX_PATH=/home/darka/Uni/linux/ros2_ws/install/mi_paquete:/opt/ros/humble VIRTUAL_ENV_PROMPT=(venv) /usr/bin/cmake /home/darka/Uni/linux/ros2_ws/src/ros_tutorials/turtlesim -DCMAKE_INSTALL_PREFIX=/home/darka/Uni/linux/ros2_ws/install/turtlesim
