[1.165s] DEBUG:colcon:Command line arguments: ['/usr/bin/colcon', 'build']
[1.166s] DEBUG:colcon:Parsed command line arguments: Namespace(log_base=None, log_level=None, verb_name='build', build_base='build', install_base='install', merge_install=False, symlink_install=False, test_result_base=None, continue_on_error=False, executor='parallel', parallel_workers=2, event_handlers=None, ignore_user_meta=False, metas=['./colcon.meta'], base_paths=['.'], packages_ignore=None, packages_ignore_regex=None, paths=None, packages_up_to=None, packages_up_to_regex=None, packages_above=None, packages_above_and_dependencies=None, packages_above_depth=None, packages_select_by_dep=None, packages_skip_by_dep=None, packages_skip_up_to=None, packages_select_build_failed=False, packages_skip_build_finished=False, packages_select_test_failures=False, packages_skip_test_passed=False, packages_select=None, packages_skip=None, packages_select_regex=None, packages_skip_regex=None, packages_start=None, packages_end=None, allow_overriding=[], cmake_args=None, cmake_target=None, cmake_target_skip_unavailable=False, cmake_clean_cache=False, cmake_clean_first=False, cmake_force_configure=False, ament_cmake_args=None, catkin_cmake_args=None, catkin_skip_building_tests=False, verb_parser=<colcon_defaults.argument_parser.defaults.DefaultArgumentsDecorator object at 0x792b48699e70>, verb_extension=<colcon_core.verb.build.BuildVerb object at 0x792b487ff190>, main=<bound method BuildVerb.main of <colcon_core.verb.build.BuildVerb object at 0x792b487ff190>>)
[2.514s] Level 1:colcon.colcon_core.package_discovery:discover_packages(colcon_meta) check parameters
[2.515s] Level 1:colcon.colcon_core.package_discovery:discover_packages(recursive) check parameters
[2.515s] Level 1:colcon.colcon_core.package_discovery:discover_packages(ignore) check parameters
[2.515s] Level 1:colcon.colcon_core.package_discovery:discover_packages(path) check parameters
[2.515s] Level 1:colcon.colcon_core.package_discovery:discover_packages(colcon_meta) discover
[2.516s] Level 1:colcon.colcon_core.package_discovery:discover_packages(recursive) discover
[2.516s] INFO:colcon.colcon_core.package_discovery:Crawling recursively for packages in '/home/darka/Uni/linux/ros2_ws'
[2.517s] Level 1:colcon.colcon_core.package_identification:_identify(.) by extensions ['ignore', 'ignore_ament_install']
[2.518s] Level 1:colcon.colcon_core.package_identification:_identify(.) by extension 'ignore'
[2.518s] Level 1:colcon.colcon_core.package_identification:_identify(.) by extension 'ignore_ament_install'
[2.519s] Level 1:colcon.colcon_core.package_identification:_identify(.) by extensions ['colcon_pkg']
[2.519s] Level 1:colcon.colcon_core.package_identification:_identify(.) by extension 'colcon_pkg'
[2.519s] Level 1:colcon.colcon_core.package_identification:_identify(.) by extensions ['colcon_meta']
[2.520s] Level 1:colcon.colcon_core.package_identification:_identify(.) by extension 'colcon_meta'
[2.520s] Level 1:colcon.colcon_core.package_identification:_identify(.) by extensions ['ros']
[2.520s] Level 1:colcon.colcon_core.package_identification:_identify(.) by extension 'ros'
[2.624s] Level 1:colcon.colcon_core.package_identification:_identify(.) by extensions ['cmake', 'python']
[2.627s] Level 1:colcon.colcon_core.package_identification:_identify(.) by extension 'cmake'
[2.628s] Level 1:colcon.colcon_core.package_identification:_identify(.) by extension 'python'
[2.628s] Level 1:colcon.colcon_core.package_identification:_identify(.) by extensions ['python_setup_py']
[2.628s] Level 1:colcon.colcon_core.package_identification:_identify(.) by extension 'python_setup_py'
[2.629s] Level 1:colcon.colcon_core.package_identification:_identify(build) by extensions ['ignore', 'ignore_ament_install']
[2.630s] Level 1:colcon.colcon_core.package_identification:_identify(build) by extension 'ignore'
[2.632s] Level 1:colcon.colcon_core.package_identification:_identify(build) ignored
[2.633s] Level 1:colcon.colcon_core.package_identification:_identify(install) by extensions ['ignore', 'ignore_ament_install']
[2.636s] Level 1:colcon.colcon_core.package_identification:_identify(install) by extension 'ignore'
[2.636s] Level 1:colcon.colcon_core.package_identification:_identify(install) ignored
[2.639s] Level 1:colcon.colcon_core.package_identification:_identify(log) by extensions ['ignore', 'ignore_ament_install']
[2.640s] Level 1:colcon.colcon_core.package_identification:_identify(log) by extension 'ignore'
[2.641s] Level 1:colcon.colcon_core.package_identification:_identify(log) ignored
[2.641s] Level 1:colcon.colcon_core.package_identification:_identify(src) by extensions ['ignore', 'ignore_ament_install']
[2.643s] Level 1:colcon.colcon_core.package_identification:_identify(src) by extension 'ignore'
[2.643s] Level 1:colcon.colcon_core.package_identification:_identify(src) by extension 'ignore_ament_install'
[2.645s] Level 1:colcon.colcon_core.package_identification:_identify(src) by extensions ['colcon_pkg']
[2.645s] Level 1:colcon.colcon_core.package_identification:_identify(src) by extension 'colcon_pkg'
[2.646s] Level 1:colcon.colcon_core.package_identification:_identify(src) by extensions ['colcon_meta']
[2.646s] Level 1:colcon.colcon_core.package_identification:_identify(src) by extension 'colcon_meta'
[2.647s] Level 1:colcon.colcon_core.package_identification:_identify(src) by extensions ['ros']
[2.647s] Level 1:colcon.colcon_core.package_identification:_identify(src) by extension 'ros'
[2.648s] Level 1:colcon.colcon_core.package_identification:_identify(src) by extensions ['cmake', 'python']
[2.648s] Level 1:colcon.colcon_core.package_identification:_identify(src) by extension 'cmake'
[2.649s] Level 1:colcon.colcon_core.package_identification:_identify(src) by extension 'python'
[2.650s] Level 1:colcon.colcon_core.package_identification:_identify(src) by extensions ['python_setup_py']
[2.651s] Level 1:colcon.colcon_core.package_identification:_identify(src) by extension 'python_setup_py'
[2.652s] Level 1:colcon.colcon_core.package_identification:_identify(src/mi_paquete) by extensions ['ignore', 'ignore_ament_install']
[2.654s] Level 1:colcon.colcon_core.package_identification:_identify(src/mi_paquete) by extension 'ignore'
[2.655s] Level 1:colcon.colcon_core.package_identification:_identify(src/mi_paquete) by extension 'ignore_ament_install'
[2.656s] Level 1:colcon.colcon_core.package_identification:_identify(src/mi_paquete) by extensions ['colcon_pkg']
[2.657s] Level 1:colcon.colcon_core.package_identification:_identify(src/mi_paquete) by extension 'colcon_pkg'
[2.657s] Level 1:colcon.colcon_core.package_identification:_identify(src/mi_paquete) by extensions ['colcon_meta']
[2.657s] Level 1:colcon.colcon_core.package_identification:_identify(src/mi_paquete) by extension 'colcon_meta'
[2.661s] Level 1:colcon.colcon_core.package_identification:_identify(src/mi_paquete) by extensions ['ros']
[2.662s] Level 1:colcon.colcon_core.package_identification:_identify(src/mi_paquete) by extension 'ros'
[2.689s] DEBUG:colcon.colcon_core.package_identification:Package 'src/mi_paquete' with type 'ros.ament_python' and name 'mi_paquete'
[2.691s] Level 1:colcon.colcon_core.package_discovery:discover_packages(recursive) using defaults
[2.691s] Level 1:colcon.colcon_core.package_discovery:discover_packages(ignore) discover
[2.692s] Level 1:colcon.colcon_core.package_discovery:discover_packages(ignore) using defaults
[2.693s] Level 1:colcon.colcon_core.package_discovery:discover_packages(path) discover
[2.693s] Level 1:colcon.colcon_core.package_discovery:discover_packages(path) using defaults
[2.901s] Level 1:colcon.colcon_core.package_discovery:discover_packages(prefix_path) check parameters
[2.902s] Level 1:colcon.colcon_core.package_discovery:discover_packages(prefix_path) discover
[2.910s] WARNING:colcon.colcon_ros.prefix_path.ament:The path '/home/darka/Uni/linux/ros2_ws/install/mi_paquete' in the environment variable AMENT_PREFIX_PATH doesn't exist
[2.918s] DEBUG:colcon.colcon_installed_package_information.package_discovery:Found 0 installed packages in /home/darka/Uni/linux/ros2_ws/install
[2.934s] DEBUG:colcon.colcon_installed_package_information.package_discovery:Found 183 installed packages in /opt/ros/humble
[2.949s] Level 1:colcon.colcon_core.package_discovery:discover_packages(prefix_path) using defaults
[3.389s] Level 5:colcon.colcon_core.verb:set package 'mi_paquete' build argument 'cmake_args' from command line to 'None'
[3.389s] Level 5:colcon.colcon_core.verb:set package 'mi_paquete' build argument 'cmake_target' from command line to 'None'
[3.389s] Level 5:colcon.colcon_core.verb:set package 'mi_paquete' build argument 'cmake_target_skip_unavailable' from command line to 'False'
[3.390s] Level 5:colcon.colcon_core.verb:set package 'mi_paquete' build argument 'cmake_clean_cache' from command line to 'False'
[3.390s] Level 5:colcon.colcon_core.verb:set package 'mi_paquete' build argument 'cmake_clean_first' from command line to 'False'
[3.390s] Level 5:colcon.colcon_core.verb:set package 'mi_paquete' build argument 'cmake_force_configure' from command line to 'False'
[3.390s] Level 5:colcon.colcon_core.verb:set package 'mi_paquete' build argument 'ament_cmake_args' from command line to 'None'
[3.390s] Level 5:colcon.colcon_core.verb:set package 'mi_paquete' build argument 'catkin_cmake_args' from command line to 'None'
[3.391s] Level 5:colcon.colcon_core.verb:set package 'mi_paquete' build argument 'catkin_skip_building_tests' from command line to 'False'
[3.392s] DEBUG:colcon.colcon_core.verb:Building package 'mi_paquete' with the following arguments: {'ament_cmake_args': None, 'build_base': '/home/darka/Uni/linux/ros2_ws/build/mi_paquete', 'catkin_cmake_args': None, 'catkin_skip_building_tests': False, 'cmake_args': None, 'cmake_clean_cache': False, 'cmake_clean_first': False, 'cmake_force_configure': False, 'cmake_target': None, 'cmake_target_skip_unavailable': False, 'install_base': '/home/darka/Uni/linux/ros2_ws/install/mi_paquete', 'merge_install': False, 'path': '/home/darka/Uni/linux/ros2_ws/src/mi_paquete', 'symlink_install': False, 'test_result_base': None}
[3.395s] INFO:colcon.colcon_core.executor:Executing jobs using 'parallel' executor
[3.403s] DEBUG:colcon.colcon_parallel_executor.executor.parallel:run_until_complete
[3.405s] INFO:colcon.colcon_ros.task.ament_python.build:Building ROS package in '/home/darka/Uni/linux/ros2_ws/src/mi_paquete' with build type 'ament_python'
[3.406s] Level 1:colcon.colcon_core.shell:create_environment_hook('mi_paquete', 'ament_prefix_path')
[3.432s] INFO:colcon.colcon_core.plugin_system:Skipping extension 'colcon_core.shell.bat': Not used on non-Windows systems
[3.434s] INFO:colcon.colcon_core.shell:Creating environment hook '/home/darka/Uni/linux/ros2_ws/install/mi_paquete/share/mi_paquete/hook/ament_prefix_path.ps1'
[3.443s] INFO:colcon.colcon_core.shell:Creating environment descriptor '/home/darka/Uni/linux/ros2_ws/install/mi_paquete/share/mi_paquete/hook/ament_prefix_path.dsv'
[3.449s] INFO:colcon.colcon_core.shell:Creating environment hook '/home/darka/Uni/linux/ros2_ws/install/mi_paquete/share/mi_paquete/hook/ament_prefix_path.sh'
[3.465s] INFO:colcon.colcon_core.shell:Skip shell extension 'powershell' for command environment: Not usable outside of PowerShell
[3.467s] DEBUG:colcon.colcon_core.shell:Skip shell extension 'dsv' for command environment
[5.668s] INFO:colcon.colcon_core.task.python.build:Building Python package in '/home/darka/Uni/linux/ros2_ws/src/mi_paquete'
[5.671s] INFO:colcon.colcon_core.shell:Skip shell extension 'powershell' for command environment: Not usable outside of PowerShell
[5.671s] DEBUG:colcon.colcon_core.shell:Skip shell extension 'dsv' for command environment
[8.684s] DEBUG:colcon.colcon_core.event_handler.log_command:Invoking command in '/home/darka/Uni/linux/ros2_ws/src/mi_paquete': PYTHONPATH=/home/darka/Uni/linux/ros2_ws/build/mi_paquete/prefix_override:/usr/lib/python3/dist-packages/colcon_core/task/python/colcon_distutils_commands:/home/darka/Uni/linux/ros2_ws/install/mi_paquete/lib/python3.10/site-packages:${PYTHONPATH} /usr/bin/python3 -W ignore:setup.py install is deprecated -W ignore:easy_install command is deprecated setup.py egg_info --egg-base ../../build/mi_paquete build --build-base /home/darka/Uni/linux/ros2_ws/build/mi_paquete/build install --record /home/darka/Uni/linux/ros2_ws/build/mi_paquete/install.log --single-version-externally-managed install_data
[11.443s] DEBUG:colcon.colcon_core.event_handler.log_command:Invoked command in '/home/darka/Uni/linux/ros2_ws/src/mi_paquete' returned '0': PYTHONPATH=/home/darka/Uni/linux/ros2_ws/build/mi_paquete/prefix_override:/usr/lib/python3/dist-packages/colcon_core/task/python/colcon_distutils_commands:/home/darka/Uni/linux/ros2_ws/install/mi_paquete/lib/python3.10/site-packages:${PYTHONPATH} /usr/bin/python3 -W ignore:setup.py install is deprecated -W ignore:easy_install command is deprecated setup.py egg_info --egg-base ../../build/mi_paquete build --build-base /home/darka/Uni/linux/ros2_ws/build/mi_paquete/build install --record /home/darka/Uni/linux/ros2_ws/build/mi_paquete/install.log --single-version-externally-managed install_data
[11.467s] Level 1:colcon.colcon_core.environment:checking '/home/darka/Uni/linux/ros2_ws/install/mi_paquete' for CMake module files
[11.472s] Level 1:colcon.colcon_core.environment:checking '/home/darka/Uni/linux/ros2_ws/install/mi_paquete' for CMake config files
[11.478s] Level 1:colcon.colcon_core.environment:checking '/home/darka/Uni/linux/ros2_ws/install/mi_paquete/lib'
[11.480s] Level 1:colcon.colcon_core.environment:checking '/home/darka/Uni/linux/ros2_ws/install/mi_paquete/bin'
[11.481s] Level 1:colcon.colcon_core.environment:checking '/home/darka/Uni/linux/ros2_ws/install/mi_paquete/lib/pkgconfig/mi_paquete.pc'
[11.483s] Level 1:colcon.colcon_core.environment:checking '/home/darka/Uni/linux/ros2_ws/install/mi_paquete/lib/python3.10/site-packages'
[11.484s] Level 1:colcon.colcon_core.shell:create_environment_hook('mi_paquete', 'pythonpath')
[11.486s] INFO:colcon.colcon_core.shell:Creating environment hook '/home/darka/Uni/linux/ros2_ws/install/mi_paquete/share/mi_paquete/hook/pythonpath.ps1'
[11.490s] INFO:colcon.colcon_core.shell:Creating environment descriptor '/home/darka/Uni/linux/ros2_ws/install/mi_paquete/share/mi_paquete/hook/pythonpath.dsv'
[11.493s] INFO:colcon.colcon_core.shell:Creating environment hook '/home/darka/Uni/linux/ros2_ws/install/mi_paquete/share/mi_paquete/hook/pythonpath.sh'
[11.498s] Level 1:colcon.colcon_core.environment:checking '/home/darka/Uni/linux/ros2_ws/install/mi_paquete/bin'
[11.499s] Level 1:colcon.colcon_core.environment:create_environment_scripts_only(mi_paquete)
[11.501s] INFO:colcon.colcon_core.shell:Creating package script '/home/darka/Uni/linux/ros2_ws/install/mi_paquete/share/mi_paquete/package.ps1'
[11.508s] INFO:colcon.colcon_core.shell:Creating package descriptor '/home/darka/Uni/linux/ros2_ws/install/mi_paquete/share/mi_paquete/package.dsv'
[11.514s] INFO:colcon.colcon_core.shell:Creating package script '/home/darka/Uni/linux/ros2_ws/install/mi_paquete/share/mi_paquete/package.sh'
[11.520s] INFO:colcon.colcon_core.shell:Creating package script '/home/darka/Uni/linux/ros2_ws/install/mi_paquete/share/mi_paquete/package.bash'
[11.526s] INFO:colcon.colcon_core.shell:Creating package script '/home/darka/Uni/linux/ros2_ws/install/mi_paquete/share/mi_paquete/package.zsh'
[11.532s] Level 1:colcon.colcon_core.environment:create_file_with_runtime_dependencies(/home/darka/Uni/linux/ros2_ws/install/mi_paquete/share/colcon-core/packages/mi_paquete)
[11.535s] DEBUG:colcon.colcon_parallel_executor.executor.parallel:closing loop
[11.537s] DEBUG:colcon.colcon_parallel_executor.executor.parallel:loop closed
[11.538s] DEBUG:colcon.colcon_parallel_executor.executor.parallel:run_until_complete finished with '0'
[11.540s] DEBUG:colcon.colcon_core.event_reactor:joining thread
[11.620s] INFO:colcon.colcon_core.plugin_system:Skipping extension 'colcon_notification.desktop_notification.terminal_notifier': Not used on non-Darwin systems
[11.621s] INFO:colcon.colcon_core.plugin_system:Skipping extension 'colcon_notification.desktop_notification.win32': Not used on non-Windows systems
[11.621s] INFO:colcon.colcon_notification.desktop_notification:Sending desktop notification using 'notify2'
[11.681s] DEBUG:colcon.colcon_core.event_reactor:joined thread
[11.683s] INFO:colcon.colcon_core.shell:Creating prefix script '/home/darka/Uni/linux/ros2_ws/install/local_setup.ps1'
[11.708s] INFO:colcon.colcon_core.shell:Creating prefix util module '/home/darka/Uni/linux/ros2_ws/install/_local_setup_util_ps1.py'
[11.739s] INFO:colcon.colcon_core.shell:Creating prefix chain script '/home/darka/Uni/linux/ros2_ws/install/setup.ps1'
[11.754s] INFO:colcon.colcon_core.shell:Creating prefix script '/home/darka/Uni/linux/ros2_ws/install/local_setup.sh'
[11.761s] INFO:colcon.colcon_core.shell:Creating prefix util module '/home/darka/Uni/linux/ros2_ws/install/_local_setup_util_sh.py'
[11.768s] INFO:colcon.colcon_core.shell:Creating prefix chain script '/home/darka/Uni/linux/ros2_ws/install/setup.sh'
[11.776s] INFO:colcon.colcon_core.shell:Creating prefix script '/home/darka/Uni/linux/ros2_ws/install/local_setup.bash'
[11.780s] INFO:colcon.colcon_core.shell:Creating prefix chain script '/home/darka/Uni/linux/ros2_ws/install/setup.bash'
[11.787s] INFO:colcon.colcon_core.shell:Creating prefix script '/home/darka/Uni/linux/ros2_ws/install/local_setup.zsh'
[11.791s] INFO:colcon.colcon_core.shell:Creating prefix chain script '/home/darka/Uni/linux/ros2_ws/install/setup.zsh'
