[1.043s] DEBUG:colcon:Command line arguments: ['/usr/bin/colcon', 'build']
[1.044s] DEBUG:colcon:Parsed command line arguments: Namespace(log_base=None, log_level=None, verb_name='build', build_base='build', install_base='install', merge_install=False, symlink_install=False, test_result_base=None, continue_on_error=False, executor='parallel', parallel_workers=2, event_handlers=None, ignore_user_meta=False, metas=['./colcon.meta'], base_paths=['.'], packages_ignore=None, packages_ignore_regex=None, paths=None, packages_up_to=None, packages_up_to_regex=None, packages_above=None, packages_above_and_dependencies=None, packages_above_depth=None, packages_select_by_dep=None, packages_skip_by_dep=None, packages_skip_up_to=None, packages_select_build_failed=False, packages_skip_build_finished=False, packages_select_test_failures=False, packages_skip_test_passed=False, packages_select=None, packages_skip=None, packages_select_regex=None, packages_skip_regex=None, packages_start=None, packages_end=None, allow_overriding=[], cmake_args=None, cmake_target=None, cmake_target_skip_unavailable=False, cmake_clean_cache=False, cmake_clean_first=False, cmake_force_configure=False, ament_cmake_args=None, catkin_cmake_args=None, catkin_skip_building_tests=False, verb_parser=<colcon_defaults.argument_parser.defaults.DefaultArgumentsDecorator object at 0x7cf4ec1eaa40>, verb_extension=<colcon_core.verb.build.BuildVerb object at 0x7cf4ec39bfa0>, main=<bound method BuildVerb.main of <colcon_core.verb.build.BuildVerb object at 0x7cf4ec39bfa0>>)
[2.466s] Level 1:colcon.colcon_core.package_discovery:discover_packages(colcon_meta) check parameters
[2.468s] Level 1:colcon.colcon_core.package_discovery:discover_packages(recursive) check parameters
[2.469s] Level 1:colcon.colcon_core.package_discovery:discover_packages(ignore) check parameters
[2.469s] Level 1:colcon.colcon_core.package_discovery:discover_packages(path) check parameters
[2.469s] Level 1:colcon.colcon_core.package_discovery:discover_packages(colcon_meta) discover
[2.469s] Level 1:colcon.colcon_core.package_discovery:discover_packages(recursive) discover
[2.470s] INFO:colcon.colcon_core.package_discovery:Crawling recursively for packages in '/home/darka/Uni/linux/ros2_ws'
[2.471s] Level 1:colcon.colcon_core.package_identification:_identify(.) by extensions ['ignore', 'ignore_ament_install']
[2.471s] Level 1:colcon.colcon_core.package_identification:_identify(.) by extension 'ignore'
[2.473s] Level 1:colcon.colcon_core.package_identification:_identify(.) by extension 'ignore_ament_install'
[2.474s] Level 1:colcon.colcon_core.package_identification:_identify(.) by extensions ['colcon_pkg']
[2.474s] Level 1:colcon.colcon_core.package_identification:_identify(.) by extension 'colcon_pkg'
[2.475s] Level 1:colcon.colcon_core.package_identification:_identify(.) by extensions ['colcon_meta']
[2.476s] Level 1:colcon.colcon_core.package_identification:_identify(.) by extension 'colcon_meta'
[2.476s] Level 1:colcon.colcon_core.package_identification:_identify(.) by extensions ['ros']
[2.477s] Level 1:colcon.colcon_core.package_identification:_identify(.) by extension 'ros'
[2.694s] Level 1:colcon.colcon_core.package_identification:_identify(.) by extensions ['cmake', 'python']
[2.695s] Level 1:colcon.colcon_core.package_identification:_identify(.) by extension 'cmake'
[2.695s] Level 1:colcon.colcon_core.package_identification:_identify(.) by extension 'python'
[2.696s] Level 1:colcon.colcon_core.package_identification:_identify(.) by extensions ['python_setup_py']
[2.696s] Level 1:colcon.colcon_core.package_identification:_identify(.) by extension 'python_setup_py'
[2.697s] Level 1:colcon.colcon_core.package_identification:_identify(build) by extensions ['ignore', 'ignore_ament_install']
[2.698s] Level 1:colcon.colcon_core.package_identification:_identify(build) by extension 'ignore'
[2.698s] Level 1:colcon.colcon_core.package_identification:_identify(build) ignored
[2.700s] Level 1:colcon.colcon_core.package_identification:_identify(install) by extensions ['ignore', 'ignore_ament_install']
[2.701s] Level 1:colcon.colcon_core.package_identification:_identify(install) by extension 'ignore'
[2.701s] Level 1:colcon.colcon_core.package_identification:_identify(install) ignored
[2.704s] Level 1:colcon.colcon_core.package_identification:_identify(log) by extensions ['ignore', 'ignore_ament_install']
[2.705s] Level 1:colcon.colcon_core.package_identification:_identify(log) by extension 'ignore'
[2.706s] Level 1:colcon.colcon_core.package_identification:_identify(log) ignored
[2.706s] Level 1:colcon.colcon_core.package_identification:_identify(src) by extensions ['ignore', 'ignore_ament_install']
[2.707s] Level 1:colcon.colcon_core.package_identification:_identify(src) by extension 'ignore'
[2.707s] Level 1:colcon.colcon_core.package_identification:_identify(src) by extension 'ignore_ament_install'
[2.709s] Level 1:colcon.colcon_core.package_identification:_identify(src) by extensions ['colcon_pkg']
[2.709s] Level 1:colcon.colcon_core.package_identification:_identify(src) by extension 'colcon_pkg'
[2.710s] Level 1:colcon.colcon_core.package_identification:_identify(src) by extensions ['colcon_meta']
[2.710s] Level 1:colcon.colcon_core.package_identification:_identify(src) by extension 'colcon_meta'
[2.710s] Level 1:colcon.colcon_core.package_identification:_identify(src) by extensions ['ros']
[2.711s] Level 1:colcon.colcon_core.package_identification:_identify(src) by extension 'ros'
[2.712s] Level 1:colcon.colcon_core.package_identification:_identify(src) by extensions ['cmake', 'python']
[2.713s] Level 1:colcon.colcon_core.package_identification:_identify(src) by extension 'cmake'
[2.713s] Level 1:colcon.colcon_core.package_identification:_identify(src) by extension 'python'
[2.713s] Level 1:colcon.colcon_core.package_identification:_identify(src) by extensions ['python_setup_py']
[2.714s] Level 1:colcon.colcon_core.package_identification:_identify(src) by extension 'python_setup_py'
[2.716s] Level 1:colcon.colcon_core.package_identification:_identify(src/mi_paquete) by extensions ['ignore', 'ignore_ament_install']
[2.717s] Level 1:colcon.colcon_core.package_identification:_identify(src/mi_paquete) by extension 'ignore'
[2.718s] Level 1:colcon.colcon_core.package_identification:_identify(src/mi_paquete) by extension 'ignore_ament_install'
[2.718s] Level 1:colcon.colcon_core.package_identification:_identify(src/mi_paquete) by extensions ['colcon_pkg']
[2.719s] Level 1:colcon.colcon_core.package_identification:_identify(src/mi_paquete) by extension 'colcon_pkg'
[2.720s] Level 1:colcon.colcon_core.package_identification:_identify(src/mi_paquete) by extensions ['colcon_meta']
[2.720s] Level 1:colcon.colcon_core.package_identification:_identify(src/mi_paquete) by extension 'colcon_meta'
[2.721s] Level 1:colcon.colcon_core.package_identification:_identify(src/mi_paquete) by extensions ['ros']
[2.721s] Level 1:colcon.colcon_core.package_identification:_identify(src/mi_paquete) by extension 'ros'
[2.781s] DEBUG:colcon.colcon_core.package_identification:Package 'src/mi_paquete' with type 'ros.ament_python' and name 'mi_paquete'
[2.782s] Level 1:colcon.colcon_core.package_discovery:discover_packages(recursive) using defaults
[2.782s] Level 1:colcon.colcon_core.package_discovery:discover_packages(ignore) discover
[2.782s] Level 1:colcon.colcon_core.package_discovery:discover_packages(ignore) using defaults
[2.783s] Level 1:colcon.colcon_core.package_discovery:discover_packages(path) discover
[2.784s] Level 1:colcon.colcon_core.package_discovery:discover_packages(path) using defaults
[2.967s] Level 1:colcon.colcon_core.package_discovery:discover_packages(prefix_path) check parameters
[2.968s] Level 1:colcon.colcon_core.package_discovery:discover_packages(prefix_path) discover
[3.048s] DEBUG:colcon.colcon_installed_package_information.package_discovery:Found 1 installed packages in /home/darka/Uni/linux/ros2_ws/install
[3.064s] DEBUG:colcon.colcon_installed_package_information.package_discovery:Found 235 installed packages in /opt/ros/humble
[3.080s] Level 1:colcon.colcon_core.package_discovery:discover_packages(prefix_path) using defaults
[3.527s] Level 5:colcon.colcon_core.verb:set package 'mi_paquete' build argument 'cmake_args' from command line to 'None'
[3.527s] Level 5:colcon.colcon_core.verb:set package 'mi_paquete' build argument 'cmake_target' from command line to 'None'
[3.528s] Level 5:colcon.colcon_core.verb:set package 'mi_paquete' build argument 'cmake_target_skip_unavailable' from command line to 'False'
[3.528s] Level 5:colcon.colcon_core.verb:set package 'mi_paquete' build argument 'cmake_clean_cache' from command line to 'False'
[3.528s] Level 5:colcon.colcon_core.verb:set package 'mi_paquete' build argument 'cmake_clean_first' from command line to 'False'
[3.528s] Level 5:colcon.colcon_core.verb:set package 'mi_paquete' build argument 'cmake_force_configure' from command line to 'False'
[3.529s] Level 5:colcon.colcon_core.verb:set package 'mi_paquete' build argument 'ament_cmake_args' from command line to 'None'
[3.529s] Level 5:colcon.colcon_core.verb:set package 'mi_paquete' build argument 'catkin_cmake_args' from command line to 'None'
[3.529s] Level 5:colcon.colcon_core.verb:set package 'mi_paquete' build argument 'catkin_skip_building_tests' from command line to 'False'
[3.529s] DEBUG:colcon.colcon_core.verb:Building package 'mi_paquete' with the following arguments: {'ament_cmake_args': None, 'build_base': '/home/darka/Uni/linux/ros2_ws/build/mi_paquete', 'catkin_cmake_args': None, 'catkin_skip_building_tests': False, 'cmake_args': None, 'cmake_clean_cache': False, 'cmake_clean_first': False, 'cmake_force_configure': False, 'cmake_target': None, 'cmake_target_skip_unavailable': False, 'install_base': '/home/darka/Uni/linux/ros2_ws/install/mi_paquete', 'merge_install': False, 'path': '/home/darka/Uni/linux/ros2_ws/src/mi_paquete', 'symlink_install': False, 'test_result_base': None}
[3.530s] INFO:colcon.colcon_core.executor:Executing jobs using 'parallel' executor
[3.537s] DEBUG:colcon.colcon_parallel_executor.executor.parallel:run_until_complete
[3.539s] INFO:colcon.colcon_ros.task.ament_python.build:Building ROS package in '/home/darka/Uni/linux/ros2_ws/src/mi_paquete' with build type 'ament_python'
[3.541s] Level 1:colcon.colcon_core.shell:create_environment_hook('mi_paquete', 'ament_prefix_path')
[3.567s] INFO:colcon.colcon_core.plugin_system:Skipping extension 'colcon_core.shell.bat': Not used on non-Windows systems
[3.569s] INFO:colcon.colcon_core.shell:Creating environment hook '/home/darka/Uni/linux/ros2_ws/install/mi_paquete/share/mi_paquete/hook/ament_prefix_path.ps1'
[3.633s] INFO:colcon.colcon_core.shell:Creating environment descriptor '/home/darka/Uni/linux/ros2_ws/install/mi_paquete/share/mi_paquete/hook/ament_prefix_path.dsv'
[3.670s] INFO:colcon.colcon_core.shell:Creating environment hook '/home/darka/Uni/linux/ros2_ws/install/mi_paquete/share/mi_paquete/hook/ament_prefix_path.sh'
[3.747s] INFO:colcon.colcon_core.shell:Skip shell extension 'powershell' for command environment: Not usable outside of PowerShell
[3.749s] DEBUG:colcon.colcon_core.shell:Skip shell extension 'dsv' for command environment
[5.813s] INFO:colcon.colcon_core.task.python.build:Building Python package in '/home/darka/Uni/linux/ros2_ws/src/mi_paquete'
[5.817s] INFO:colcon.colcon_core.shell:Skip shell extension 'powershell' for command environment: Not usable outside of PowerShell
[5.818s] DEBUG:colcon.colcon_core.shell:Skip shell extension 'dsv' for command environment
[9.061s] DEBUG:colcon.colcon_core.event_handler.log_command:Invoking command in '/home/darka/Uni/linux/ros2_ws/src/mi_paquete': PYTHONPATH=/home/darka/Uni/linux/ros2_ws/build/mi_paquete/prefix_override:/usr/lib/python3/dist-packages/colcon_core/task/python/colcon_distutils_commands:/home/darka/Uni/linux/ros2_ws/install/mi_paquete/lib/python3.10/site-packages:${PYTHONPATH} /usr/bin/python3 -W ignore:setup.py install is deprecated -W ignore:easy_install command is deprecated setup.py egg_info --egg-base ../../build/mi_paquete build --build-base /home/darka/Uni/linux/ros2_ws/build/mi_paquete/build install --record /home/darka/Uni/linux/ros2_ws/build/mi_paquete/install.log --single-version-externally-managed install_data
[11.533s] DEBUG:colcon.colcon_core.event_handler.log_command:Invoked command in '/home/darka/Uni/linux/ros2_ws/src/mi_paquete' returned '0': PYTHONPATH=/home/darka/Uni/linux/ros2_ws/build/mi_paquete/prefix_override:/usr/lib/python3/dist-packages/colcon_core/task/python/colcon_distutils_commands:/home/darka/Uni/linux/ros2_ws/install/mi_paquete/lib/python3.10/site-packages:${PYTHONPATH} /usr/bin/python3 -W ignore:setup.py install is deprecated -W ignore:easy_install command is deprecated setup.py egg_info --egg-base ../../build/mi_paquete build --build-base /home/darka/Uni/linux/ros2_ws/build/mi_paquete/build install --record /home/darka/Uni/linux/ros2_ws/build/mi_paquete/install.log --single-version-externally-managed install_data
[11.668s] Level 1:colcon.colcon_core.environment:checking '/home/darka/Uni/linux/ros2_ws/install/mi_paquete' for CMake module files
[11.673s] Level 1:colcon.colcon_core.environment:checking '/home/darka/Uni/linux/ros2_ws/install/mi_paquete' for CMake config files
[11.678s] Level 1:colcon.colcon_core.environment:checking '/home/darka/Uni/linux/ros2_ws/install/mi_paquete/lib'
[11.680s] Level 1:colcon.colcon_core.environment:checking '/home/darka/Uni/linux/ros2_ws/install/mi_paquete/bin'
[11.681s] Level 1:colcon.colcon_core.environment:checking '/home/darka/Uni/linux/ros2_ws/install/mi_paquete/lib/pkgconfig/mi_paquete.pc'
[11.683s] Level 1:colcon.colcon_core.environment:checking '/home/darka/Uni/linux/ros2_ws/install/mi_paquete/lib/python3.10/site-packages'
[11.683s] Level 1:colcon.colcon_core.shell:create_environment_hook('mi_paquete', 'pythonpath')
[11.685s] INFO:colcon.colcon_core.shell:Creating environment hook '/home/darka/Uni/linux/ros2_ws/install/mi_paquete/share/mi_paquete/hook/pythonpath.ps1'
[11.689s] INFO:colcon.colcon_core.shell:Creating environment descriptor '/home/darka/Uni/linux/ros2_ws/install/mi_paquete/share/mi_paquete/hook/pythonpath.dsv'
[11.691s] INFO:colcon.colcon_core.shell:Creating environment hook '/home/darka/Uni/linux/ros2_ws/install/mi_paquete/share/mi_paquete/hook/pythonpath.sh'
[11.698s] Level 1:colcon.colcon_core.environment:checking '/home/darka/Uni/linux/ros2_ws/install/mi_paquete/bin'
[11.699s] Level 1:colcon.colcon_core.environment:create_environment_scripts_only(mi_paquete)
[11.701s] INFO:colcon.colcon_core.shell:Creating package script '/home/darka/Uni/linux/ros2_ws/install/mi_paquete/share/mi_paquete/package.ps1'
[11.766s] INFO:colcon.colcon_core.shell:Creating package descriptor '/home/darka/Uni/linux/ros2_ws/install/mi_paquete/share/mi_paquete/package.dsv'
[11.779s] INFO:colcon.colcon_core.shell:Creating package script '/home/darka/Uni/linux/ros2_ws/install/mi_paquete/share/mi_paquete/package.sh'
[11.787s] INFO:colcon.colcon_core.shell:Creating package script '/home/darka/Uni/linux/ros2_ws/install/mi_paquete/share/mi_paquete/package.bash'
[11.795s] INFO:colcon.colcon_core.shell:Creating package script '/home/darka/Uni/linux/ros2_ws/install/mi_paquete/share/mi_paquete/package.zsh'
[11.802s] Level 1:colcon.colcon_core.environment:create_file_with_runtime_dependencies(/home/darka/Uni/linux/ros2_ws/install/mi_paquete/share/colcon-core/packages/mi_paquete)
[11.807s] DEBUG:colcon.colcon_parallel_executor.executor.parallel:closing loop
[11.813s] DEBUG:colcon.colcon_parallel_executor.executor.parallel:loop closed
[11.813s] DEBUG:colcon.colcon_parallel_executor.executor.parallel:run_until_complete finished with '0'
[11.813s] DEBUG:colcon.colcon_core.event_reactor:joining thread
[11.956s] INFO:colcon.colcon_core.plugin_system:Skipping extension 'colcon_notification.desktop_notification.terminal_notifier': Not used on non-Darwin systems
[11.956s] INFO:colcon.colcon_core.plugin_system:Skipping extension 'colcon_notification.desktop_notification.win32': Not used on non-Windows systems
[11.957s] INFO:colcon.colcon_notification.desktop_notification:Sending desktop notification using 'notify2'
[12.495s] DEBUG:colcon.colcon_core.event_reactor:joined thread
[12.498s] INFO:colcon.colcon_core.shell:Creating prefix script '/home/darka/Uni/linux/ros2_ws/install/local_setup.ps1'
[12.544s] INFO:colcon.colcon_core.shell:Creating prefix util module '/home/darka/Uni/linux/ros2_ws/install/_local_setup_util_ps1.py'
[12.606s] INFO:colcon.colcon_core.shell:Creating prefix chain script '/home/darka/Uni/linux/ros2_ws/install/setup.ps1'
[12.615s] INFO:colcon.colcon_core.shell:Creating prefix script '/home/darka/Uni/linux/ros2_ws/install/local_setup.sh'
[12.655s] INFO:colcon.colcon_core.shell:Creating prefix util module '/home/darka/Uni/linux/ros2_ws/install/_local_setup_util_sh.py'
[12.660s] INFO:colcon.colcon_core.shell:Creating prefix chain script '/home/darka/Uni/linux/ros2_ws/install/setup.sh'
[12.669s] INFO:colcon.colcon_core.shell:Creating prefix script '/home/darka/Uni/linux/ros2_ws/install/local_setup.bash'
[12.675s] INFO:colcon.colcon_core.shell:Creating prefix chain script '/home/darka/Uni/linux/ros2_ws/install/setup.bash'
[12.683s] INFO:colcon.colcon_core.shell:Creating prefix script '/home/darka/Uni/linux/ros2_ws/install/local_setup.zsh'
[12.688s] INFO:colcon.colcon_core.shell:Creating prefix chain script '/home/darka/Uni/linux/ros2_ws/install/setup.zsh'
