[0.912s] DEBUG:colcon:Command line arguments: ['/usr/bin/colcon', 'build', '--packages-select', 'turtlesim']
[0.913s] DEBUG:colcon:Parsed command line arguments: Namespace(log_base=None, log_level=None, verb_name='build', build_base='build', install_base='install', merge_install=False, symlink_install=False, test_result_base=None, continue_on_error=False, executor='parallel', parallel_workers=2, event_handlers=None, ignore_user_meta=False, metas=['./colcon.meta'], base_paths=['.'], packages_ignore=None, packages_ignore_regex=None, paths=None, packages_up_to=None, packages_up_to_regex=None, packages_above=None, packages_above_and_dependencies=None, packages_above_depth=None, packages_select_by_dep=None, packages_skip_by_dep=None, packages_skip_up_to=None, packages_select_build_failed=False, packages_skip_build_finished=False, packages_select_test_failures=False, packages_skip_test_passed=False, packages_select=['turtlesim'], packages_skip=None, packages_select_regex=None, packages_skip_regex=None, packages_start=None, packages_end=None, allow_overriding=[], cmake_args=None, cmake_target=None, cmake_target_skip_unavailable=False, cmake_clean_cache=False, cmake_clean_first=False, cmake_force_configure=False, ament_cmake_args=None, catkin_cmake_args=None, catkin_skip_building_tests=False, verb_parser=<colcon_defaults.argument_parser.defaults.DefaultArgumentsDecorator object at 0x75f8ce936e30>, verb_extension=<colcon_core.verb.build.BuildVerb object at 0x75f8ceaafa00>, main=<bound method BuildVerb.main of <colcon_core.verb.build.BuildVerb object at 0x75f8ceaafa00>>)
[2.364s] Level 1:colcon.colcon_core.package_discovery:discover_packages(colcon_meta) check parameters
[2.365s] Level 1:colcon.colcon_core.package_discovery:discover_packages(recursive) check parameters
[2.366s] Level 1:colcon.colcon_core.package_discovery:discover_packages(ignore) check parameters
[2.366s] Level 1:colcon.colcon_core.package_discovery:discover_packages(path) check parameters
[2.366s] Level 1:colcon.colcon_core.package_discovery:discover_packages(colcon_meta) discover
[2.367s] Level 1:colcon.colcon_core.package_discovery:discover_packages(recursive) discover
[2.367s] INFO:colcon.colcon_core.package_discovery:Crawling recursively for packages in '/home/darka/Uni/linux/ros2_ws'
[2.368s] Level 1:colcon.colcon_core.package_identification:_identify(.) by extensions ['ignore', 'ignore_ament_install']
[2.369s] Level 1:colcon.colcon_core.package_identification:_identify(.) by extension 'ignore'
[2.369s] Level 1:colcon.colcon_core.package_identification:_identify(.) by extension 'ignore_ament_install'
[2.370s] Level 1:colcon.colcon_core.package_identification:_identify(.) by extensions ['colcon_pkg']
[2.370s] Level 1:colcon.colcon_core.package_identification:_identify(.) by extension 'colcon_pkg'
[2.371s] Level 1:colcon.colcon_core.package_identification:_identify(.) by extensions ['colcon_meta']
[2.371s] Level 1:colcon.colcon_core.package_identification:_identify(.) by extension 'colcon_meta'
[2.372s] Level 1:colcon.colcon_core.package_identification:_identify(.) by extensions ['ros']
[2.372s] Level 1:colcon.colcon_core.package_identification:_identify(.) by extension 'ros'
[2.491s] Level 1:colcon.colcon_core.package_identification:_identify(.) by extensions ['cmake', 'python']
[2.491s] Level 1:colcon.colcon_core.package_identification:_identify(.) by extension 'cmake'
[2.492s] Level 1:colcon.colcon_core.package_identification:_identify(.) by extension 'python'
[2.492s] Level 1:colcon.colcon_core.package_identification:_identify(.) by extensions ['python_setup_py']
[2.492s] Level 1:colcon.colcon_core.package_identification:_identify(.) by extension 'python_setup_py'
[2.493s] Level 1:colcon.colcon_core.package_identification:_identify(build) by extensions ['ignore', 'ignore_ament_install']
[2.494s] Level 1:colcon.colcon_core.package_identification:_identify(build) by extension 'ignore'
[2.495s] Level 1:colcon.colcon_core.package_identification:_identify(build) ignored
[2.496s] Level 1:colcon.colcon_core.package_identification:_identify(install) by extensions ['ignore', 'ignore_ament_install']
[2.496s] Level 1:colcon.colcon_core.package_identification:_identify(install) by extension 'ignore'
[2.497s] Level 1:colcon.colcon_core.package_identification:_identify(install) ignored
[2.498s] Level 1:colcon.colcon_core.package_identification:_identify(log) by extensions ['ignore', 'ignore_ament_install']
[2.498s] Level 1:colcon.colcon_core.package_identification:_identify(log) by extension 'ignore'
[2.499s] Level 1:colcon.colcon_core.package_identification:_identify(log) ignored
[2.500s] Level 1:colcon.colcon_core.package_identification:_identify(src) by extensions ['ignore', 'ignore_ament_install']
[2.501s] Level 1:colcon.colcon_core.package_identification:_identify(src) by extension 'ignore'
[2.501s] Level 1:colcon.colcon_core.package_identification:_identify(src) by extension 'ignore_ament_install'
[2.502s] Level 1:colcon.colcon_core.package_identification:_identify(src) by extensions ['colcon_pkg']
[2.502s] Level 1:colcon.colcon_core.package_identification:_identify(src) by extension 'colcon_pkg'
[2.502s] Level 1:colcon.colcon_core.package_identification:_identify(src) by extensions ['colcon_meta']
[2.503s] Level 1:colcon.colcon_core.package_identification:_identify(src) by extension 'colcon_meta'
[2.503s] Level 1:colcon.colcon_core.package_identification:_identify(src) by extensions ['ros']
[2.504s] Level 1:colcon.colcon_core.package_identification:_identify(src) by extension 'ros'
[2.504s] Level 1:colcon.colcon_core.package_identification:_identify(src) by extensions ['cmake', 'python']
[2.505s] Level 1:colcon.colcon_core.package_identification:_identify(src) by extension 'cmake'
[2.505s] Level 1:colcon.colcon_core.package_identification:_identify(src) by extension 'python'
[2.506s] Level 1:colcon.colcon_core.package_identification:_identify(src) by extensions ['python_setup_py']
[2.506s] Level 1:colcon.colcon_core.package_identification:_identify(src) by extension 'python_setup_py'
[2.507s] Level 1:colcon.colcon_core.package_identification:_identify(src/mi_paquete) by extensions ['ignore', 'ignore_ament_install']
[2.508s] Level 1:colcon.colcon_core.package_identification:_identify(src/mi_paquete) by extension 'ignore'
[2.509s] Level 1:colcon.colcon_core.package_identification:_identify(src/mi_paquete) by extension 'ignore_ament_install'
[2.509s] Level 1:colcon.colcon_core.package_identification:_identify(src/mi_paquete) by extensions ['colcon_pkg']
[2.510s] Level 1:colcon.colcon_core.package_identification:_identify(src/mi_paquete) by extension 'colcon_pkg'
[2.510s] Level 1:colcon.colcon_core.package_identification:_identify(src/mi_paquete) by extensions ['colcon_meta']
[2.511s] Level 1:colcon.colcon_core.package_identification:_identify(src/mi_paquete) by extension 'colcon_meta'
[2.511s] Level 1:colcon.colcon_core.package_identification:_identify(src/mi_paquete) by extensions ['ros']
[2.511s] Level 1:colcon.colcon_core.package_identification:_identify(src/mi_paquete) by extension 'ros'
[2.532s] DEBUG:colcon.colcon_core.package_identification:Package 'src/mi_paquete' with type 'ros.ament_python' and name 'mi_paquete'
[2.533s] Level 1:colcon.colcon_core.package_identification:_identify(src/ros_tutorials) by extensions ['ignore', 'ignore_ament_install']
[2.534s] Level 1:colcon.colcon_core.package_identification:_identify(src/ros_tutorials) by extension 'ignore'
[2.535s] Level 1:colcon.colcon_core.package_identification:_identify(src/ros_tutorials) by extension 'ignore_ament_install'
[2.536s] Level 1:colcon.colcon_core.package_identification:_identify(src/ros_tutorials) by extensions ['colcon_pkg']
[2.536s] Level 1:colcon.colcon_core.package_identification:_identify(src/ros_tutorials) by extension 'colcon_pkg'
[2.536s] Level 1:colcon.colcon_core.package_identification:_identify(src/ros_tutorials) by extensions ['colcon_meta']
[2.537s] Level 1:colcon.colcon_core.package_identification:_identify(src/ros_tutorials) by extension 'colcon_meta'
[2.537s] Level 1:colcon.colcon_core.package_identification:_identify(src/ros_tutorials) by extensions ['ros']
[2.538s] Level 1:colcon.colcon_core.package_identification:_identify(src/ros_tutorials) by extension 'ros'
[2.539s] Level 1:colcon.colcon_core.package_identification:_identify(src/ros_tutorials) by extensions ['cmake', 'python']
[2.539s] Level 1:colcon.colcon_core.package_identification:_identify(src/ros_tutorials) by extension 'cmake'
[2.540s] Level 1:colcon.colcon_core.package_identification:_identify(src/ros_tutorials) by extension 'python'
[2.541s] Level 1:colcon.colcon_core.package_identification:_identify(src/ros_tutorials) by extensions ['python_setup_py']
[2.541s] Level 1:colcon.colcon_core.package_identification:_identify(src/ros_tutorials) by extension 'python_setup_py'
[2.542s] Level 1:colcon.colcon_core.package_identification:_identify(src/ros_tutorials/ros_tutorials) by extensions ['ignore', 'ignore_ament_install']
[2.543s] Level 1:colcon.colcon_core.package_identification:_identify(src/ros_tutorials/ros_tutorials) by extension 'ignore'
[2.544s] Level 1:colcon.colcon_core.package_identification:_identify(src/ros_tutorials/ros_tutorials) ignored
[2.545s] Level 1:colcon.colcon_core.package_identification:_identify(src/ros_tutorials/roscpp_tutorials) by extensions ['ignore', 'ignore_ament_install']
[2.546s] Level 1:colcon.colcon_core.package_identification:_identify(src/ros_tutorials/roscpp_tutorials) by extension 'ignore'
[2.546s] Level 1:colcon.colcon_core.package_identification:_identify(src/ros_tutorials/roscpp_tutorials) ignored
[2.547s] Level 1:colcon.colcon_core.package_identification:_identify(src/ros_tutorials/rospy_tutorials) by extensions ['ignore', 'ignore_ament_install']
[2.548s] Level 1:colcon.colcon_core.package_identification:_identify(src/ros_tutorials/rospy_tutorials) by extension 'ignore'
[2.548s] Level 1:colcon.colcon_core.package_identification:_identify(src/ros_tutorials/rospy_tutorials) ignored
[2.549s] Level 1:colcon.colcon_core.package_identification:_identify(src/ros_tutorials/turtlesim) by extensions ['ignore', 'ignore_ament_install']
[2.550s] Level 1:colcon.colcon_core.package_identification:_identify(src/ros_tutorials/turtlesim) by extension 'ignore'
[2.551s] Level 1:colcon.colcon_core.package_identification:_identify(src/ros_tutorials/turtlesim) by extension 'ignore_ament_install'
[2.551s] Level 1:colcon.colcon_core.package_identification:_identify(src/ros_tutorials/turtlesim) by extensions ['colcon_pkg']
[2.552s] Level 1:colcon.colcon_core.package_identification:_identify(src/ros_tutorials/turtlesim) by extension 'colcon_pkg'
[2.552s] Level 1:colcon.colcon_core.package_identification:_identify(src/ros_tutorials/turtlesim) by extensions ['colcon_meta']
[2.553s] Level 1:colcon.colcon_core.package_identification:_identify(src/ros_tutorials/turtlesim) by extension 'colcon_meta'
[2.553s] Level 1:colcon.colcon_core.package_identification:_identify(src/ros_tutorials/turtlesim) by extensions ['ros']
[2.554s] Level 1:colcon.colcon_core.package_identification:_identify(src/ros_tutorials/turtlesim) by extension 'ros'
[2.566s] DEBUG:colcon.colcon_core.package_identification:Package 'src/ros_tutorials/turtlesim' with type 'ros.ament_cmake' and name 'turtlesim'
[2.566s] Level 1:colcon.colcon_core.package_discovery:discover_packages(recursive) using defaults
[2.567s] Level 1:colcon.colcon_core.package_discovery:discover_packages(ignore) discover
[2.567s] Level 1:colcon.colcon_core.package_discovery:discover_packages(ignore) using defaults
[2.567s] Level 1:colcon.colcon_core.package_discovery:discover_packages(path) discover
[2.567s] Level 1:colcon.colcon_core.package_discovery:discover_packages(path) using defaults
[2.756s] INFO:colcon.colcon_core.package_selection:Skipping not selected package 'mi_paquete' in 'src/mi_paquete'
[2.759s] Level 1:colcon.colcon_core.package_discovery:discover_packages(prefix_path) check parameters
[2.759s] Level 1:colcon.colcon_core.package_discovery:discover_packages(prefix_path) discover
[2.768s] WARNING:colcon.colcon_ros.prefix_path.ament:The path '/home/darka/Uni/linux/ros2_ws/install/mi_paquete' in the environment variable AMENT_PREFIX_PATH doesn't exist
[2.774s] DEBUG:colcon.colcon_installed_package_information.package_discovery:Found 0 installed packages in /home/darka/Uni/linux/ros2_ws/install
[2.787s] DEBUG:colcon.colcon_installed_package_information.package_discovery:Found 235 installed packages in /opt/ros/humble
[2.802s] Level 1:colcon.colcon_core.package_discovery:discover_packages(prefix_path) using defaults
[3.275s] Level 5:colcon.colcon_core.verb:set package 'turtlesim' build argument 'cmake_args' from command line to 'None'
[3.275s] Level 5:colcon.colcon_core.verb:set package 'turtlesim' build argument 'cmake_target' from command line to 'None'
[3.276s] Level 5:colcon.colcon_core.verb:set package 'turtlesim' build argument 'cmake_target_skip_unavailable' from command line to 'False'
[3.276s] Level 5:colcon.colcon_core.verb:set package 'turtlesim' build argument 'cmake_clean_cache' from command line to 'False'
[3.276s] Level 5:colcon.colcon_core.verb:set package 'turtlesim' build argument 'cmake_clean_first' from command line to 'False'
[3.276s] Level 5:colcon.colcon_core.verb:set package 'turtlesim' build argument 'cmake_force_configure' from command line to 'False'
[3.276s] Level 5:colcon.colcon_core.verb:set package 'turtlesim' build argument 'ament_cmake_args' from command line to 'None'
[3.277s] Level 5:colcon.colcon_core.verb:set package 'turtlesim' build argument 'catkin_cmake_args' from command line to 'None'
[3.277s] Level 5:colcon.colcon_core.verb:set package 'turtlesim' build argument 'catkin_skip_building_tests' from command line to 'False'
[3.277s] DEBUG:colcon.colcon_core.verb:Building package 'turtlesim' with the following arguments: {'ament_cmake_args': None, 'build_base': '/home/darka/Uni/linux/ros2_ws/build/turtlesim', 'catkin_cmake_args': None, 'catkin_skip_building_tests': False, 'cmake_args': None, 'cmake_clean_cache': False, 'cmake_clean_first': False, 'cmake_force_configure': False, 'cmake_target': None, 'cmake_target_skip_unavailable': False, 'install_base': '/home/darka/Uni/linux/ros2_ws/install/turtlesim', 'merge_install': False, 'path': '/home/darka/Uni/linux/ros2_ws/src/ros_tutorials/turtlesim', 'symlink_install': False, 'test_result_base': None}
[3.278s] INFO:colcon.colcon_core.executor:Executing jobs using 'parallel' executor
[3.285s] DEBUG:colcon.colcon_parallel_executor.executor.parallel:run_until_complete
[3.288s] INFO:colcon.colcon_ros.task.ament_cmake.build:Building ROS package in '/home/darka/Uni/linux/ros2_ws/src/ros_tutorials/turtlesim' with build type 'ament_cmake'
[3.288s] INFO:colcon.colcon_cmake.task.cmake.build:Building CMake package in '/home/darka/Uni/linux/ros2_ws/src/ros_tutorials/turtlesim'
[3.307s] INFO:colcon.colcon_core.plugin_system:Skipping extension 'colcon_core.shell.bat': Not used on non-Windows systems
[3.309s] INFO:colcon.colcon_core.shell:Skip shell extension 'powershell' for command environment: Not usable outside of PowerShell
[3.309s] DEBUG:colcon.colcon_core.shell:Skip shell extension 'dsv' for command environment
[3.366s] DEBUG:colcon.colcon_core.event_handler.log_command:Invoking command in '/home/darka/Uni/linux/ros2_ws/build/turtlesim': CMAKE_PREFIX_PATH=/home/darka/Uni/linux/ros2_ws/install/mi_paquete:/opt/ros/humble VIRTUAL_ENV_PROMPT=(venv) /usr/bin/cmake /home/darka/Uni/linux/ros2_ws/src/ros_tutorials/turtlesim -DCMAKE_INSTALL_PREFIX=/home/darka/Uni/linux/ros2_ws/install/turtlesim
[13.517s] DEBUG:colcon.colcon_core.event_handler.log_command:Invoked command in '/home/darka/Uni/linux/ros2_ws/build/turtlesim' returned '1': CMAKE_PREFIX_PATH=/home/darka/Uni/linux/ros2_ws/install/mi_paquete:/opt/ros/humble VIRTUAL_ENV_PROMPT=(venv) /usr/bin/cmake /home/darka/Uni/linux/ros2_ws/src/ros_tutorials/turtlesim -DCMAKE_INSTALL_PREFIX=/home/darka/Uni/linux/ros2_ws/install/turtlesim
[13.662s] Level 1:colcon.colcon_core.environment:create_environment_scripts_only(turtlesim)
[13.689s] Level 1:colcon.colcon_core.environment:checking '/home/darka/Uni/linux/ros2_ws/install/turtlesim' for CMake module files
[13.695s] Level 1:colcon.colcon_core.environment:checking '/home/darka/Uni/linux/ros2_ws/install/turtlesim' for CMake config files
[13.697s] Level 1:colcon.colcon_core.environment:checking '/home/darka/Uni/linux/ros2_ws/install/turtlesim/bin'
[13.698s] Level 1:colcon.colcon_core.environment:checking '/home/darka/Uni/linux/ros2_ws/install/turtlesim/lib/pkgconfig/turtlesim.pc'
[13.699s] Level 1:colcon.colcon_core.environment:checking '/home/darka/Uni/linux/ros2_ws/install/turtlesim/lib/python3.10/site-packages'
[13.703s] Level 1:colcon.colcon_core.environment:checking '/home/darka/Uni/linux/ros2_ws/install/turtlesim/bin'
[13.705s] INFO:colcon.colcon_core.shell:Creating package script '/home/darka/Uni/linux/ros2_ws/install/turtlesim/share/turtlesim/package.ps1'
[13.714s] INFO:colcon.colcon_core.shell:Creating package descriptor '/home/darka/Uni/linux/ros2_ws/install/turtlesim/share/turtlesim/package.dsv'
[13.719s] INFO:colcon.colcon_core.shell:Creating package script '/home/darka/Uni/linux/ros2_ws/install/turtlesim/share/turtlesim/package.sh'
[13.727s] INFO:colcon.colcon_core.shell:Creating package script '/home/darka/Uni/linux/ros2_ws/install/turtlesim/share/turtlesim/package.bash'
[13.735s] INFO:colcon.colcon_core.shell:Creating package script '/home/darka/Uni/linux/ros2_ws/install/turtlesim/share/turtlesim/package.zsh'
[13.745s] Level 1:colcon.colcon_core.environment:create_file_with_runtime_dependencies(/home/darka/Uni/linux/ros2_ws/install/turtlesim/share/colcon-core/packages/turtlesim)
[13.758s] DEBUG:colcon.colcon_parallel_executor.executor.parallel:closing loop
[13.758s] DEBUG:colcon.colcon_parallel_executor.executor.parallel:loop closed
[13.759s] DEBUG:colcon.colcon_parallel_executor.executor.parallel:run_until_complete finished with '1'
[13.759s] DEBUG:colcon.colcon_core.event_reactor:joining thread
[13.833s] INFO:colcon.colcon_core.plugin_system:Skipping extension 'colcon_notification.desktop_notification.terminal_notifier': Not used on non-Darwin systems
[13.834s] INFO:colcon.colcon_core.plugin_system:Skipping extension 'colcon_notification.desktop_notification.win32': Not used on non-Windows systems
[13.834s] INFO:colcon.colcon_notification.desktop_notification:Sending desktop notification using 'notify2'
[13.895s] DEBUG:colcon.colcon_core.event_reactor:joined thread
[13.901s] INFO:colcon.colcon_core.shell:Creating prefix script '/home/darka/Uni/linux/ros2_ws/install/local_setup.ps1'
[13.928s] INFO:colcon.colcon_core.shell:Creating prefix util module '/home/darka/Uni/linux/ros2_ws/install/_local_setup_util_ps1.py'
[13.957s] INFO:colcon.colcon_core.shell:Creating prefix chain script '/home/darka/Uni/linux/ros2_ws/install/setup.ps1'
[13.974s] INFO:colcon.colcon_core.shell:Creating prefix script '/home/darka/Uni/linux/ros2_ws/install/local_setup.sh'
[13.984s] INFO:colcon.colcon_core.shell:Creating prefix util module '/home/darka/Uni/linux/ros2_ws/install/_local_setup_util_sh.py'
[13.995s] INFO:colcon.colcon_core.shell:Creating prefix chain script '/home/darka/Uni/linux/ros2_ws/install/setup.sh'
[14.006s] INFO:colcon.colcon_core.shell:Creating prefix script '/home/darka/Uni/linux/ros2_ws/install/local_setup.bash'
[14.010s] INFO:colcon.colcon_core.shell:Creating prefix chain script '/home/darka/Uni/linux/ros2_ws/install/setup.bash'
[14.018s] INFO:colcon.colcon_core.shell:Creating prefix script '/home/darka/Uni/linux/ros2_ws/install/local_setup.zsh'
[14.022s] INFO:colcon.colcon_core.shell:Creating prefix chain script '/home/darka/Uni/linux/ros2_ws/install/setup.zsh'
